<?xml version="1.0" encoding="UTF-8" standalone="yes"?>
<ns2:test-suite xmlns:ns2="urn:model.allure.qatools.yandex.ru" start="1512470417804" stop="1512470429245">
    <name>Default Suite</name>
    <test-cases>
        <test-case start="1512470418472" stop="1512470429216" status="broken">
            <name>feature[Groups]</name>
            <failure>
                <message>CucumberException: java.lang.AssertionError: 
Expected: &lt;[GroupData{id='18', name='test 0'}, GroupData{id='19', name='test 1'}, GroupData{id='20', name='test 2'}, GroupData{id='4', name='test 1'}, GroupData{id='5', name='test 2'}, GroupData{id='21', name='test name'}, GroupData{id='6', name='test 0'}, GroupData{id='7', name='test 1'}, GroupData{id='8', name='test 2'}, GroupData{id='9', name='test 0'}, GroupData{id='10', name='test 1'}, GroupData{id='11', name='test 2'}, GroupData{id='3', name='Test1'}, GroupData{id='2147483647', name='xxx'}, GroupData{id='22', name='test 0'}, GroupData{id='23', name='test 1'}, GroupData{id='24', name='test 2'}, GroupData{id='13', name='Test1'}, GroupData{id='15', name='Test1'}]&gt;
     but: was &lt;[GroupData{id='18', name='test 0'}, GroupData{id='19', name='test 1'}, GroupData{id='20', name='test 2'}, GroupData{id='4', name='test 1'}, GroupData{id='5', name='test 2'}, GroupData{id='21', name='test name'}, GroupData{id='6', name='test 0'}, GroupData{id='7', name='test 1'}, GroupData{id='8', name='test 2'}, GroupData{id='9', name='test 0'}, GroupData{id='10', name='test 1'}, GroupData{id='11', name='test 2'}, GroupData{id='3', name='Test1'}, GroupData{id='22', name='test 0'}, GroupData{id='23', name='test 1'}, GroupData{id='24', name='test 2'}, GroupData{id='13', name='Test1'}, GroupData{id='25', name='xxx'}, GroupData{id='15', name='Test1'}]&gt;</message>
                <stack-trace>cucumber.runtime.CucumberException: java.lang.AssertionError: 
Expected: &lt;[GroupData{id='18', name='test 0'}, GroupData{id='19', name='test 1'}, GroupData{id='20', name='test 2'}, GroupData{id='4', name='test 1'}, GroupData{id='5', name='test 2'}, GroupData{id='21', name='test name'}, GroupData{id='6', name='test 0'}, GroupData{id='7', name='test 1'}, GroupData{id='8', name='test 2'}, GroupData{id='9', name='test 0'}, GroupData{id='10', name='test 1'}, GroupData{id='11', name='test 2'}, GroupData{id='3', name='Test1'}, GroupData{id='2147483647', name='xxx'}, GroupData{id='22', name='test 0'}, GroupData{id='23', name='test 1'}, GroupData{id='24', name='test 2'}, GroupData{id='13', name='Test1'}, GroupData{id='15', name='Test1'}]&gt;
     but: was &lt;[GroupData{id='18', name='test 0'}, GroupData{id='19', name='test 1'}, GroupData{id='20', name='test 2'}, GroupData{id='4', name='test 1'}, GroupData{id='5', name='test 2'}, GroupData{id='21', name='test name'}, GroupData{id='6', name='test 0'}, GroupData{id='7', name='test 1'}, GroupData{id='8', name='test 2'}, GroupData{id='9', name='test 0'}, GroupData{id='10', name='test 1'}, GroupData{id='11', name='test 2'}, GroupData{id='3', name='Test1'}, GroupData{id='22', name='test 0'}, GroupData{id='23', name='test 1'}, GroupData{id='24', name='test 2'}, GroupData{id='13', name='Test1'}, GroupData{id='25', name='xxx'}, GroupData{id='15', name='Test1'}]&gt;
	at cucumber.api.testng.TestNGCucumberRunner.runCucumber(TestNGCucumberRunner.java:69)
	at cucumber.api.testng.AbstractTestNGCucumberTests.feature(AbstractTestNGCucumberTests.java:21)
	at sun.reflect.NativeMethodAccessorImpl.invoke0(Native Method)
	at sun.reflect.NativeMethodAccessorImpl.invoke(NativeMethodAccessorImpl.java:62)
	at sun.reflect.DelegatingMethodAccessorImpl.invoke(DelegatingMethodAccessorImpl.java:43)
	at java.lang.reflect.Method.invoke(Method.java:498)
	at org.testng.internal.MethodInvocationHelper.invokeMethod(MethodInvocationHelper.java:104)
	at org.testng.internal.Invoker.invokeMethod(Invoker.java:645)
	at org.testng.internal.Invoker.invokeTestMethod(Invoker.java:851)
	at org.testng.internal.Invoker.invokeTestMethods(Invoker.java:1177)
	at org.testng.internal.TestMethodWorker.invokeTestMethods(TestMethodWorker.java:129)
	at org.testng.internal.TestMethodWorker.run(TestMethodWorker.java:112)
	at org.testng.TestRunner.privateRun(TestRunner.java:756)
	at org.testng.TestRunner.run(TestRunner.java:610)
	at org.testng.SuiteRunner.runTest(SuiteRunner.java:387)
	at org.testng.SuiteRunner.runSequentially(SuiteRunner.java:382)
	at org.testng.SuiteRunner.privateRun(SuiteRunner.java:340)
	at org.testng.SuiteRunner.run(SuiteRunner.java:289)
	at org.testng.SuiteRunnerWorker.runSuite(SuiteRunnerWorker.java:52)
	at org.testng.SuiteRunnerWorker.run(SuiteRunnerWorker.java:86)
	at org.testng.TestNG.runSuitesSequentially(TestNG.java:1293)
	at org.testng.TestNG.runSuitesLocally(TestNG.java:1218)
	at org.testng.TestNG.runSuites(TestNG.java:1133)
	at org.testng.TestNG.run(TestNG.java:1104)
	at org.testng.IDEARemoteTestNG.run(IDEARemoteTestNG.java:72)
	at org.testng.RemoteTestNGStarter.main(RemoteTestNGStarter.java:123)
Caused by: java.lang.AssertionError: 
Expected: &lt;[GroupData{id='18', name='test 0'}, GroupData{id='19', name='test 1'}, GroupData{id='20', name='test 2'}, GroupData{id='4', name='test 1'}, GroupData{id='5', name='test 2'}, GroupData{id='21', name='test name'}, GroupData{id='6', name='test 0'}, GroupData{id='7', name='test 1'}, GroupData{id='8', name='test 2'}, GroupData{id='9', name='test 0'}, GroupData{id='10', name='test 1'}, GroupData{id='11', name='test 2'}, GroupData{id='3', name='Test1'}, GroupData{id='2147483647', name='xxx'}, GroupData{id='22', name='test 0'}, GroupData{id='23', name='test 1'}, GroupData{id='24', name='test 2'}, GroupData{id='13', name='Test1'}, GroupData{id='15', name='Test1'}]&gt;
     but: was &lt;[GroupData{id='18', name='test 0'}, GroupData{id='19', name='test 1'}, GroupData{id='20', name='test 2'}, GroupData{id='4', name='test 1'}, GroupData{id='5', name='test 2'}, GroupData{id='21', name='test name'}, GroupData{id='6', name='test 0'}, GroupData{id='7', name='test 1'}, GroupData{id='8', name='test 2'}, GroupData{id='9', name='test 0'}, GroupData{id='10', name='test 1'}, GroupData{id='11', name='test 2'}, GroupData{id='3', name='Test1'}, GroupData{id='22', name='test 0'}, GroupData{id='23', name='test 1'}, GroupData{id='24', name='test 2'}, GroupData{id='13', name='Test1'}, GroupData{id='25', name='xxx'}, GroupData{id='15', name='Test1'}]&gt;
	at org.hamcrest.MatcherAssert.assertThat(MatcherAssert.java:18)
	at org.hamcrest.MatcherAssert.assertThat(MatcherAssert.java:6)
	at ru.stqa.pft.addressbook.bdd.GroupStepDefinitions.verifyGroupCreated(GroupStepDefinitions.java:54)
	at âœ½.Then the new set of groups is equal to the old set with the added group(bdd/groups.feature:6)
</stack-trace>
            </failure>
            <steps/>
            <attachments/>
            <labels/>
        </test-case>
    </test-cases>
    <labels/>
</ns2:test-suite>
